To https://github.com/LiTree89/glamflow-ai.git
 - [deleted]         chore/remediate-secrets
 - [deleted]         chore/remove-dumps
 - [deleted]         cleanup/lint-all
 - [deleted]         cleanup/live-demo
 - [deleted]         feature/full-rebuild
 + a073c52...8848080 master -> master (forced update)
 - [deleted]         pre-origin-push-20251202-095821-chore/remediate-secrets
 - [deleted]         pre-origin-push-20251202-095821-chore/remove-dumps
 - [deleted]         pre-origin-push-20251202-095821-cleanup/lint-all
 - [deleted]         pre-origin-push-20251202-095821-cleanup/live-demo
 - [deleted]         pre-origin-push-20251202-095821-feature/full-rebuild
 - [deleted]         pre-origin-push-20251202-095821-pre-origin-push-20251202075526
 - [deleted]         pre-origin-push-20251202-095821-pre-origin-push-20251202084041
 - [deleted]         pre-origin-push-20251202-095821-pre-origin-push-20251202091141
 - [deleted]         pre-origin-push-20251202-095821-pre-origin-push-20251202091231
 - [deleted]         pre-origin-push-20251202-095821-pre-origin-push-20251202091748
 - [deleted]         pre-origin-push-20251202-095821-pre-origin-push-20251202091806
 - [deleted]         pre-origin-push-20251202-095821-pre-origin-push-20251202091830
 - [deleted]         pre-origin-push-20251202-095821-pre-origin-push-20251202091842
 - [deleted]         pre-origin-push-20251202075526
 - [deleted]         pre-origin-push-20251202084041
 - [deleted]         pre-origin-push-20251202091141
 - [deleted]         pre-origin-push-20251202091231
 - [deleted]         pre-origin-push-20251202091748
 - [deleted]         pre-origin-push-20251202091806
 - [deleted]         pre-origin-push-20251202091830
 - [deleted]         pre-origin-push-20251202091842
